{"logTime": "0905/184837", "correlationVector":"24FRZZ88Ew5pGDBgSlq7oC.1","action":"SyncServerConnectionManagerRequest", "result":"SYNC_SERVER_OK", "context":{"environment":"Prod_SoutheastAsia_000j", "migrationStage":"NotStarted", "server":"GENERAL0100001C"}}
{"logTime": "0905/184837", "correlationVector":"/aduIDqccYHloDr6fdDmnV","action":"SyncServerConnectionManagerRequest", "result":"SYNC_SERVER_OK", "context":{"environment":"", "migrationStage":"", "server":""}}
{"logTime": "0905/184837", "correlationVector":"24FRZZ88Ew5pGDBgSlq7oC","action":"Initial GetUpdates", "result":"", "context":Reason: NEW_CLIENT. cV=24FRZZ88Ew5pGDBgSlq7oC}
{"logTime": "0905/184837", "correlationVector":"24FRZZ88Ew5pGDBgSlq7oC.2","action":"GetUpdates Response", "result":"Success", "context":Received 1 update(s). cV=24FRZZ88Ew5pGDBgSlq7oC.0;server=GENERAL0100001C;cloudType=Consumer;environment=Prod_SoutheastAsia_000j;migrationStage=NotStarted}
{"logTime": "0905/184838", "correlationVector":"gVT4q5/0OLO3Di0aAVMQEh","action":"Initial GetUpdates", "result":"", "context":Reason: NEWLY_SUPPORTED_DATATYPE. cV=gVT4q5/0OLO3Di0aAVMQEh}
{"logTime": "0905/184839", "correlationVector":"gVT4q5/0OLO3Di0aAVMQEh.1","action":"SyncServerConnectionManagerRequest", "result":"SYNC_SERVER_OK", "context":{"environment":"Prod_SoutheastAsia_000j", "migrationStage":"NotStarted", "server":"GENERAL03000010"}}
{"logTime": "0905/184839", "correlationVector":"gVT4q5/0OLO3Di0aAVMQEh.2","action":"GetUpdates", "result":"DeleteReceived", "context":{"id":"7bbaac14-7f73-4798-b88d-0365066729cf", "isDeleted:":"true", "version":"1722540108344"}}
{"logTime": "0905/184839", "correlationVector":"gVT4q5/0OLO3Di0aAVMQEh.3","action":"GetUpdates", "result":"DeleteReceived", "context":{"id":"d2b6486b-1c02-4e70-aa10-02de37a58dee", "isDeleted:":"true", "version":"1722540108346"}}
{"logTime": "0905/184839", "correlationVector":"gVT4q5/0OLO3Di0aAVMQEh.4","action":"GetUpdates", "result":"DeleteReceived", "context":{"id":"a23a294a-ad10-45cf-9ac7-2d8ecb0404b8", "isDeleted:":"true", "version":"1722540108353"}}
{"logTime": "0905/184839", "correlationVector":"gVT4q5/0OLO3Di0aAVMQEh.5","action":"GetUpdates", "result":"DeleteReceived", "context":{"id":"e3fa739d-bc60-4200-9a86-392d8798a920", "isDeleted:":"true", "version":"1722540108362"}}
{"logTime": "0905/184839", "correlationVector":"gVT4q5/0OLO3Di0aAVMQEh.6","action":"GetUpdates", "result":"DeleteReceived", "context":{"id":"fc5d2a94-b932-4621-a51b-30d8a7a9428a", "isDeleted:":"true", "version":"1722540108370"}}
{"logTime": "0905/184839", "correlationVector":"gVT4q5/0OLO3Di0aAVMQEh.7","action":"GetUpdates", "result":"DeleteReceived", "context":{"id":"aec77f35-072d-48ef-9999-e3f5a95acbc5", "isDeleted:":"true", "version":"1722540108374"}}
{"logTime": "0905/184839", "correlationVector":"gVT4q5/0OLO3Di0aAVMQEh.8","action":"GetUpdates", "result":"DeleteReceived", "context":{"id":"9ff7a20c-bf76-4501-81fa-1c8e7e4c6393", "isDeleted:":"true", "version":"1722540108376"}}
{"logTime": "0905/184839", "correlationVector":"gVT4q5/0OLO3Di0aAVMQEh.9","action":"GetUpdates", "result":"DeleteReceived", "context":{"id":"da3b4941-c61b-4ee8-ae67-2459c38c6bf4", "isDeleted:":"true", "version":"1722540108377"}}
{"logTime": "0905/184839", "correlationVector":"gVT4q5/0OLO3Di0aAVMQEh.10","action":"GetUpdates", "result":"DeleteReceived", "context":{"id":"9365d3c1-27ba-4b50-ab22-dc254ec020b3", "isDeleted:":"true", "version":"1722540108378"}}
{"logTime": "0905/184839", "correlationVector":"gVT4q5/0OLO3Di0aAVMQEh.11","action":"GetUpdates", "result":"DeleteReceived", "context":{"id":"1779a76a-f8f1-4357-9055-3bb5093d93c2", "isDeleted:":"true", "version":"1722540111135"}}
{"logTime": "0905/184839", "correlationVector":"gVT4q5/0OLO3Di0aAVMQEh.12","action":"GetUpdates", "result":"DeleteReceived", "context":{"id":"cf303395-8295-4709-84b8-5c44aaee24ca", "isDeleted:":"true", "version":"1722540111136"}}
{"logTime": "0905/184839", "correlationVector":"gVT4q5/0OLO3Di0aAVMQEh.13","action":"GetUpdates", "result":"DeleteReceived", "context":{"id":"137bf69a-1588-48e0-8f49-73e4f0100984", "isDeleted:":"true", "version":"1722540111145"}}
{"logTime": "0905/184839", "correlationVector":"gVT4q5/0OLO3Di0aAVMQEh.14","action":"GetUpdates", "result":"DeleteReceived", "context":{"id":"7c2ee8b7-3490-4e9d-8f93-041639b8a30a", "isDeleted:":"true", "version":"1722540111146"}}
{"logTime": "0905/184839", "correlationVector":"gVT4q5/0OLO3Di0aAVMQEh.15","action":"GetUpdates", "result":"DeleteReceived", "context":{"id":"242e3472-41b8-47bf-a46f-a65261b7dad2", "isDeleted:":"true", "version":"1722540111149"}}
{"logTime": "0905/184839", "correlationVector":"gVT4q5/0OLO3Di0aAVMQEh.16","action":"GetUpdates", "result":"DeleteReceived", "context":{"id":"6227aba9-82b5-4372-9b1e-6a279fd4c92f", "isDeleted:":"true", "version":"1722540111150"}}
{"logTime": "0905/184839", "correlationVector":"gVT4q5/0OLO3Di0aAVMQEh.17","action":"GetUpdates", "result":"DeleteReceived", "context":{"id":"443b0d6b-91f5-4085-9fd1-71e9a6b74b16", "isDeleted:":"true", "version":"1722540111155"}}
{"logTime": "0905/184839", "correlationVector":"gVT4q5/0OLO3Di0aAVMQEh.18","action":"GetUpdates", "result":"DeleteReceived", "context":{"id":"5a025e57-239f-4deb-9411-061f9fecac7a", "isDeleted:":"true", "version":"1722540111161"}}
{"logTime": "0905/184839", "correlationVector":"gVT4q5/0OLO3Di0aAVMQEh.19","action":"GetUpdates", "result":"DeleteReceived", "context":{"id":"27741672-14f7-4e56-9743-26b909319355", "isDeleted:":"true", "version":"1722540114076"}}
{"logTime": "0905/184839", "correlationVector":"gVT4q5/0OLO3Di0aAVMQEh.20","action":"GetUpdates", "result":"DeleteReceived", "context":{"id":"93481a0a-f34e-45e3-ac44-af22f5764648", "isDeleted:":"true", "version":"1722540114077"}}
{"logTime": "0905/184839", "correlationVector":"gVT4q5/0OLO3Di0aAVMQEh.21","action":"GetUpdates", "result":"DeleteReceived", "context":{"id":"b447cc87-c5d0-4800-8857-8b9974d34474", "isDeleted:":"true", "version":"1722540114084"}}
{"logTime": "0905/184839", "correlationVector":"gVT4q5/0OLO3Di0aAVMQEh.22","action":"GetUpdates", "result":"DeleteReceived", "context":{"id":"e4eda5b3-fc74-4333-a85f-e119499a1bca", "isDeleted:":"true", "version":"1722540114086"}}
{"logTime": "0905/184839", "correlationVector":"gVT4q5/0OLO3Di0aAVMQEh.23","action":"GetUpdates", "result":"DeleteReceived", "context":{"id":"b89ad46b-23bd-4487-a824-4d4cb030140f", "isDeleted:":"true", "version":"1722540114090"}}
{"logTime": "0905/184839", "correlationVector":"gVT4q5/0OLO3Di0aAVMQEh.24","action":"GetUpdates", "result":"DeleteReceived", "context":{"id":"a59a2a26-8b5e-40ee-b5c6-3e4af7a9fd67", "isDeleted:":"true", "version":"1722540114091"}}
{"logTime": "0905/184839", "correlationVector":"gVT4q5/0OLO3Di0aAVMQEh.25","action":"GetUpdates", "result":"DeleteReceived", "context":{"id":"7b75052c-4a7b-4c5e-bcef-5557a969a9eb", "isDeleted:":"true", "version":"1722540114094"}}
{"logTime": "0905/184839", "correlationVector":"gVT4q5/0OLO3Di0aAVMQEh.26","action":"GetUpdates", "result":"DeleteReceived", "context":{"id":"a728c0ff-f3c1-492e-83ae-5c0fca30b4b4", "isDeleted:":"true", "version":"1722540114096"}}
{"logTime": "0905/184839", "correlationVector":"gVT4q5/0OLO3Di0aAVMQEh.27","action":"GetUpdates", "result":"DeleteReceived", "context":{"id":"5faca7b2-3444-4cbc-9aed-d1e57368ef35", "isDeleted:":"true", "version":"1722540114103"}}
{"logTime": "0905/184839", "correlationVector":"gVT4q5/0OLO3Di0aAVMQEh.28","action":"GetUpdates", "result":"DeleteReceived", "context":{"id":"fad67596-05f4-4bc0-887f-a77aa4af6b2f", "isDeleted:":"true", "version":"1722540114104"}}
{"logTime": "0905/184839", "correlationVector":"gVT4q5/0OLO3Di0aAVMQEh.29","action":"GetUpdates", "result":"DeleteReceived", "context":{"id":"2ba57f9c-3806-4698-b8f9-6414fa4897a4", "isDeleted:":"true", "version":"1722540114105"}}
{"logTime": "0905/184839", "correlationVector":"gVT4q5/0OLO3Di0aAVMQEh.30","action":"GetUpdates", "result":"DeleteReceived", "context":{"id":"9a2db238-6e4a-4f1a-a6d1-27dd85c0ac15", "isDeleted:":"true", "version":"1722540114106"}}
{"logTime": "0905/184839", "correlationVector":"gVT4q5/0OLO3Di0aAVMQEh.31","action":"GetUpdates", "result":"DeleteReceived", "context":{"id":"680aff68-707d-4c30-976c-535dce3a5bec", "isDeleted:":"true", "version":"1722540114107"}}
{"logTime": "0905/184839", "correlationVector":"gVT4q5/0OLO3Di0aAVMQEh.32","action":"GetUpdates", "result":"DeleteReceived", "context":{"id":"36a82e3e-49e8-463f-899b-a8233b33e9db", "isDeleted:":"true", "version":"1722540114110"}}
{"logTime": "0905/184839", "correlationVector":"gVT4q5/0OLO3Di0aAVMQEh.33","action":"GetUpdates", "result":"DeleteReceived", "context":{"id":"f8de02f4-59e0-40fe-9c85-759176df17ca", "isDeleted:":"true", "version":"1722540114113"}}
{"logTime": "0905/184839", "correlationVector":"gVT4q5/0OLO3Di0aAVMQEh.34","action":"GetUpdates", "result":"DeleteReceived", "context":{"id":"1254d402-8c01-43c1-b967-32d5895fabc3", "isDeleted:":"true", "version":"1722540116661"}}
{"logTime": "0905/184839", "correlationVector":"gVT4q5/0OLO3Di0aAVMQEh.35","action":"GetUpdates", "result":"DeleteReceived", "context":{"id":"3091c693-9f9b-4e1b-b65d-c31dcc923cff", "isDeleted:":"true", "version":"1722540116663"}}
{"logTime": "0905/184839", "correlationVector":"gVT4q5/0OLO3Di0aAVMQEh.36","action":"GetUpdates", "result":"DeleteReceived", "context":{"id":"1429a12c-8e32-4134-bbbf-f7190e9fb851", "isDeleted:":"true", "version":"1722540116666"}}
{"logTime": "0905/184839", "correlationVector":"gVT4q5/0OLO3Di0aAVMQEh.37","action":"GetUpdates", "result":"DeleteReceived", "context":{"id":"a896a867-f45f-4bf6-952f-792afadd42ba", "isDeleted:":"true", "version":"1722540116667"}}
{"logTime": "0905/184839", "correlationVector":"gVT4q5/0OLO3Di0aAVMQEh.38","action":"GetUpdates", "result":"DeleteReceived", "context":{"id":"e751ec09-4c3f-4aea-b736-d17a1c6414dc", "isDeleted:":"true", "version":"1722540116681"}}
{"logTime": "0905/184839", "correlationVector":"gVT4q5/0OLO3Di0aAVMQEh.39","action":"GetUpdates", "result":"DeleteReceived", "context":{"id":"0160c0f4-7622-4e7a-a2a2-02f79d7e8982", "isDeleted:":"true", "version":"1722540116682"}}
{"logTime": "0905/184839", "correlationVector":"gVT4q5/0OLO3Di0aAVMQEh.40","action":"GetUpdates", "result":"DeleteReceived", "context":{"id":"4cfc5975-1e40-4337-bda0-e2fbc6a0e915", "isDeleted:":"true", "version":"1722540116689"}}
{"logTime": "0905/184839", "correlationVector":"gVT4q5/0OLO3Di0aAVMQEh.41","action":"GetUpdates", "result":"DeleteReceived", "context":{"id":"9b4dac40-0809-4b55-9c4d-c8887bb0b7d4", "isDeleted:":"true", "version":"1722540116690"}}
{"logTime": "0905/184839", "correlationVector":"gVT4q5/0OLO3Di0aAVMQEh.42","action":"GetUpdates", "result":"DeleteReceived", "context":{"id":"22a93b6c-54ba-419e-85d0-fb15a2f34fde", "isDeleted:":"true", "version":"1722540116692"}}
{"logTime": "0905/184839", "correlationVector":"gVT4q5/0OLO3Di0aAVMQEh.43","action":"GetUpdates", "result":"DeleteReceived", "context":{"id":"06535ce1-fba9-45db-81dd-34146c3fecb1", "isDeleted:":"true", "version":"1722540119277"}}
{"logTime": "0905/184839", "correlationVector":"gVT4q5/0OLO3Di0aAVMQEh.44","action":"GetUpdates", "result":"DeleteReceived", "context":{"id":"d03d4a1f-c1da-4541-8d81-b223e9388c88", "isDeleted:":"true", "version":"1722540119280"}}
{"logTime": "0905/184839", "correlationVector":"gVT4q5/0OLO3Di0aAVMQEh.45","action":"GetUpdates", "result":"DeleteReceived", "context":{"id":"526a2d6b-4904-4154-9494-78a3a0282e4a", "isDeleted:":"true", "version":"1722540119288"}}
{"logTime": "0905/184839", "correlationVector":"gVT4q5/0OLO3Di0aAVMQEh.46","action":"GetUpdates", "result":"DeleteReceived", "context":{"id":"3be51f1a-d061-4e81-acf3-155f7ecc632b", "isDeleted:":"true", "version":"1722540119297"}}
{"logTime": "0905/184839", "correlationVector":"gVT4q5/0OLO3Di0aAVMQEh.47","action":"GetUpdates", "result":"DeleteReceived", "context":{"id":"76aba54d-a65f-4889-95ae-b1fec1c099b2", "isDeleted:":"true", "version":"1722540119300"}}
{"logTime": "0905/184839", "correlationVector":"gVT4q5/0OLO3Di0aAVMQEh.48","action":"GetUpdates", "result":"DeleteReceived", "context":{"id":"025d3e3b-6ba1-4ce5-8c39-b62163eb07f0", "isDeleted:":"true", "version":"1722540119305"}}
{"logTime": "0905/184839", "correlationVector":"gVT4q5/0OLO3Di0aAVMQEh.49","action":"GetUpdates Response", "result":"Success", "context":Received 250 update(s). cV=gVT4q5/0OLO3Di0aAVMQEh.0;server=GENERAL03000010;cloudType=Consumer;environment=Prod_SoutheastAsia_000j;migrationStage=NotStarted Some updates remain.}
{"logTime": "0905/184839", "correlationVector":"oGvdMGOa2HLggrsJApkQus","action":"Initial GetUpdates", "result":"", "context":Reason: NEWLY_SUPPORTED_DATATYPE. cV=oGvdMGOa2HLggrsJApkQus}
{"logTime": "0905/184840", "correlationVector":"oGvdMGOa2HLggrsJApkQus.1","action":"SyncServerConnectionManagerRequest", "result":"SYNC_SERVER_OK", "context":{"environment":"Prod_SoutheastAsia_000j", "migrationStage":"NotStarted", "server":"GENERAL0300001R"}}
{"logTime": "0905/184840", "correlationVector":"oGvdMGOa2HLggrsJApkQus.2","action":"GetUpdates", "result":"DeleteReceived", "context":{"id":"f34bc74b-9ffb-492a-ac27-f5e35e891059", "isDeleted:":"true", "version":"1723543120192"}}
{"logTime": "0905/184840", "correlationVector":"oGvdMGOa2HLggrsJApkQus.3","action":"GetUpdates", "result":"DeleteReceived", "context":{"id":"e886a7e8-7989-4515-a8c9-f7d3e6509cf2", "isDeleted:":"true", "version":"1724013715319"}}
{"logTime": "0905/184840", "correlationVector":"oGvdMGOa2HLggrsJApkQus.4","action":"GetUpdates", "result":"DeleteReceived", "context":{"id":"b91a913a-af19-43a3-a585-08268aff196d", "isDeleted:":"true", "version":"1724013715322"}}
{"logTime": "0905/184840", "correlationVector":"oGvdMGOa2HLggrsJApkQus.5","action":"GetUpdates", "result":"DeleteReceived", "context":{"id":"3125c45a-4a5b-429f-b6b9-f18411634581", "isDeleted:":"true", "version":"1724013715334"}}
{"logTime": "0905/184840", "correlationVector":"oGvdMGOa2HLggrsJApkQus.6","action":"GetUpdates", "result":"DeleteReceived", "context":{"id":"78f030d6-1fac-4fa5-bc85-aeeed7147520", "isDeleted:":"true", "version":"1724013715346"}}
{"logTime": "0905/184840", "correlationVector":"oGvdMGOa2HLggrsJApkQus.7","action":"GetUpdates", "result":"DeleteReceived", "context":{"id":"3ecc5311-ebb1-4816-b68b-e8b0ede5c031", "isDeleted:":"true", "version":"1724013727471"}}
{"logTime": "0905/184840", "correlationVector":"oGvdMGOa2HLggrsJApkQus.8","action":"GetUpdates", "result":"DeleteReceived", "context":{"id":"df29666d-3ac6-4335-860d-edbb04010b34", "isDeleted:":"true", "version":"1724013727480"}}
{"logTime": "0905/184840", "correlationVector":"oGvdMGOa2HLggrsJApkQus.9","action":"GetUpdates", "result":"DeleteReceived", "context":{"id":"b0a14a90-9572-4142-beb0-d9aefff282b9", "isDeleted:":"true", "version":"1724013727483"}}
{"logTime": "0905/184840", "correlationVector":"oGvdMGOa2HLggrsJApkQus.10","action":"GetUpdates", "result":"DeleteReceived", "context":{"id":"eab51fef-f2ef-4573-ac20-da871bd3dcea", "isDeleted:":"true", "version":"1724013727488"}}
{"logTime": "0905/184840", "correlationVector":"oGvdMGOa2HLggrsJApkQus.11","action":"GetUpdates", "result":"DeleteReceived", "context":{"id":"60a8cbc3-b652-4d07-965e-8dce964402ad", "isDeleted:":"true", "version":"1724700803491"}}
{"logTime": "0905/184840", "correlationVector":"oGvdMGOa2HLggrsJApkQus.12","action":"GetUpdates Response", "result":"Success", "context":Received 111 update(s). cV=oGvdMGOa2HLggrsJApkQus.0;server=GENERAL0300001R;cloudType=Consumer;environment=Prod_SoutheastAsia_000j;migrationStage=NotStarted}
{"logTime": "0905/184840", "correlationVector":"dAqJUjdmVHW4FaUw/gdWFM","action":"Initial GetUpdates", "result":"", "context":Reason: NEWLY_SUPPORTED_DATATYPE. cV=dAqJUjdmVHW4FaUw/gdWFM}
{"logTime": "0905/184840", "correlationVector":"dAqJUjdmVHW4FaUw/gdWFM.1","action":"SyncServerConnectionManagerRequest", "result":"SYNC_SERVER_OK", "context":{"environment":"Prod_SoutheastAsia_000j", "migrationStage":"NotStarted", "server":"GENERAL01000014"}}
{"logTime": "0905/184840", "correlationVector":"dAqJUjdmVHW4FaUw/gdWFM.2","action":"GetUpdates Response", "result":"Success", "context":Received 71 update(s). cV=dAqJUjdmVHW4FaUw/gdWFM.0;server=GENERAL01000014;cloudType=Consumer;environment=Prod_SoutheastAsia_000j;migrationStage=NotStarted}
{"logTime": "0905/184841", "correlationVector":"99UGYNU8Dix4v9W8RULCWs","action":"Initial GetUpdates", "result":"", "context":Reason: NEWLY_SUPPORTED_DATATYPE. cV=99UGYNU8Dix4v9W8RULCWs}
{"logTime": "0905/184842", "correlationVector":"99UGYNU8Dix4v9W8RULCWs.1","action":"SyncServerConnectionManagerRequest", "result":"SYNC_SERVER_OK", "context":{"environment":"Prod_SoutheastAsia_000j", "migrationStage":"NotStarted", "server":"GENERAL0300000D"}}
{"logTime": "0905/184842", "correlationVector":"99UGYNU8Dix4v9W8RULCWs.2","action":"GetUpdates Response", "result":"Success", "context":Received 250 update(s). cV=99UGYNU8Dix4v9W8RULCWs.0;server=GENERAL0300000D;cloudType=Consumer;environment=Prod_SoutheastAsia_000j;migrationStage=NotStarted Some updates remain.}
{"logTime": "0905/184842", "correlationVector":"/O+cWs39F+Ci8P98XG7Nn1","action":"Initial GetUpdates", "result":"", "context":Reason: NEWLY_SUPPORTED_DATATYPE. cV=/O+cWs39F+Ci8P98XG7Nn1}
{"logTime": "0905/184843", "correlationVector":"/O+cWs39F+Ci8P98XG7Nn1.1","action":"SyncServerConnectionManagerRequest", "result":"SYNC_SERVER_OK", "context":{"environment":"Prod_SoutheastAsia_000j", "migrationStage":"NotStarted", "server":"GENERAL0300000L"}}
{"logTime": "0905/184843", "correlationVector":"/O+cWs39F+Ci8P98XG7Nn1.2","action":"GetUpdates Response", "result":"Success", "context":Received 250 update(s). cV=/O+cWs39F+Ci8P98XG7Nn1.0;server=GENERAL0300000L;cloudType=Consumer;environment=Prod_SoutheastAsia_000j;migrationStage=NotStarted Some updates remain.}
{"logTime": "0905/184843", "correlationVector":"fIhU2BuO4IQNbkhZDU0Nuy","action":"Initial GetUpdates", "result":"", "context":Reason: NEWLY_SUPPORTED_DATATYPE. cV=fIhU2BuO4IQNbkhZDU0Nuy}
{"logTime": "0905/184844", "correlationVector":"fIhU2BuO4IQNbkhZDU0Nuy.1","action":"SyncServerConnectionManagerRequest", "result":"SYNC_SERVER_OK", "context":{"environment":"Prod_SoutheastAsia_000j", "migrationStage":"NotStarted", "server":"GENERAL0100000P"}}
{"logTime": "0905/184844", "correlationVector":"fIhU2BuO4IQNbkhZDU0Nuy.2","action":"GetUpdates", "result":"DeleteReceived", "context":{"id":"ba821019-5271-4c3b-a765-d4645b4c1b53", "isDeleted:":"true", "version":"1722539747996"}}
{"logTime": "0905/184844", "correlationVector":"fIhU2BuO4IQNbkhZDU0Nuy.3","action":"GetUpdates", "result":"DeleteReceived", "context":{"id":"7ee1017e-c98d-403a-836d-7a97e4516527", "isDeleted:":"true", "version":"1722539747997"}}
{"logTime": "0905/184844", "correlationVector":"fIhU2BuO4IQNbkhZDU0Nuy.4","action":"GetUpdates", "result":"DeleteReceived", "context":{"id":"8cd300fe-a4ce-4dc3-ad96-050659dd13e0", "isDeleted:":"true", "version":"1722539747998"}}
{"logTime": "0905/184844", "correlationVector":"fIhU2BuO4IQNbkhZDU0Nuy.5","action":"GetUpdates", "result":"DeleteReceived", "context":{"id":"1146737f-2561-473d-b406-9dbe139858f2", "isDeleted:":"true", "version":"1723479776847"}}
{"logTime": "0905/184844", "correlationVector":"fIhU2BuO4IQNbkhZDU0Nuy.6","action":"GetUpdates", "result":"DeleteReceived", "context":{"id":"39d5dd42-1355-4aa3-9b84-69ef1a8c38aa", "isDeleted:":"true", "version":"1723985916749"}}
{"logTime": "0905/184844", "correlationVector":"fIhU2BuO4IQNbkhZDU0Nuy.7","action":"GetUpdates", "result":"DeleteReceived", "context":{"id":"31b2e8b0-2c17-404b-88a1-74d1aacfddb4", "isDeleted:":"true", "version":"1724700807457"}}
{"logTime": "0905/184844", "correlationVector":"fIhU2BuO4IQNbkhZDU0Nuy.8","action":"GetUpdates", "result":"DeleteReceived", "context":{"id":"ef619ee3-b6ab-49df-ad6d-f1e7eefde940", "isDeleted:":"true", "version":"1724700807458"}}
{"logTime": "0905/184844", "correlationVector":"fIhU2BuO4IQNbkhZDU0Nuy.9","action":"GetUpdates", "result":"DeleteReceived", "context":{"id":"498bf120-4089-4fe5-82f8-1a36f2bdc780", "isDeleted:":"true", "version":"1725458268459"}}
{"logTime": "0905/184844", "correlationVector":"fIhU2BuO4IQNbkhZDU0Nuy.10","action":"GetUpdates", "result":"DeleteReceived", "context":{"id":"c48cc029-fb59-4634-b6b3-35a124be2f5b", "isDeleted:":"true", "version":"1725458268460"}}
{"logTime": "0905/184844", "correlationVector":"fIhU2BuO4IQNbkhZDU0Nuy.11","action":"GetUpdates Response", "result":"Success", "context":Received 66 update(s). cV=fIhU2BuO4IQNbkhZDU0Nuy.0;server=GENERAL0100000P;cloudType=Consumer;environment=Prod_SoutheastAsia_000j;migrationStage=NotStarted}
{"logTime": "0905/184844", "correlationVector":"d4SQvuZmfUObo1VQc7x7WZ","action":"Normal GetUpdate request", "result":"", "context":cV=d4SQvuZmfUObo1VQc7x7WZ
Nudged types: Bookmarks, Device Info, User Consents
Refresh requested types: Bookmarks, Preferences, Passwords, Autofill Profiles, Autofill, Extensions, Extension settings, Device Info, User Consents, Send Tab To Self, Web Apps, Collection, Edge E Drop, Edge Hub App Usage, Edge Wallet, Encryption Keys}
{"logTime": "0905/184844", "correlationVector":"d4SQvuZmfUObo1VQc7x7WZ.1","action":"SyncServerConnectionManagerRequest", "result":"SYNC_SERVER_OK", "context":{"environment":"Prod_SoutheastAsia_000j", "migrationStage":"NotStarted", "server":"GENERAL0100001H"}}
{"logTime": "0905/184844", "correlationVector":"d4SQvuZmfUObo1VQc7x7WZ.2","action":"GetUpdates Response", "result":"Success", "context":Received 0 update(s). cV=d4SQvuZmfUObo1VQc7x7WZ.0;server=GENERAL0100001H;cloudType=Consumer;environment=Prod_SoutheastAsia_000j;migrationStage=NotStarted}
{"logTime": "0905/184844", "correlationVector":"7q9Q2+GY9i32xvKUMHpEXl","action":"Commit Request", "result":"", "context":Item count: 12
Contributing types: Bookmarks, Device Info, User Consents}
{"logTime": "0905/184846", "correlationVector":"7q9Q2+GY9i32xvKUMHpEXl.1","action":"SyncServerConnectionManagerRequest", "result":"SYNC_SERVER_OK", "context":{"environment":"Prod_SoutheastAsia_000j", "migrationStage":"NotStarted", "server":"GENERAL0300002J"}}
{"logTime": "0905/184846", "correlationVector":"7q9Q2+GY9i32xvKUMHpEXl.2","action":"Commit Response", "result":"Success", "context":Result: Success. cV=7q9Q2+GY9i32xvKUMHpEXl.0;server=GENERAL0300002J;cloudType=Consumer;environment=Prod_SoutheastAsia_000j;migrationStage=NotStarted}
{"logTime": "0905/184846", "correlationVector":"g/v6CVgjzfG3qtE/aA9kuF","action":"Normal GetUpdate request", "result":"", "context":cV=g/v6CVgjzfG3qtE/aA9kuF
Nudged types: Device Info, User Consents}
{"logTime": "0905/184847", "correlationVector":"g/v6CVgjzfG3qtE/aA9kuF.1","action":"SyncServerConnectionManagerRequest", "result":"SYNC_SERVER_OK", "context":{"environment":"Prod_SoutheastAsia_000j", "migrationStage":"NotStarted", "server":"GENERAL0300000O"}}
{"logTime": "0905/184847", "correlationVector":"g/v6CVgjzfG3qtE/aA9kuF.2","action":"GetUpdates Response", "result":"Success", "context":Received 10 update(s). cV=g/v6CVgjzfG3qtE/aA9kuF.0;server=GENERAL0300000O;cloudType=Consumer;environment=Prod_SoutheastAsia_000j;migrationStage=NotStarted}
{"logTime": "0905/184847", "correlationVector":"R/rYBcUvY2crMfyvE9OcfH","action":"DoCompareDataConsistency requsted types: ", "result":"Bookmarks, Preferences, Passwords, Extensions, Extension settings, Send Tab To Self, Web Apps, Collection, Edge E Drop, Edge Wallet, Encryption Keys"}
{"logTime": "0905/184847", "correlationVector":"R/rYBcUvY2crMfyvE9OcfH.0","action":"CompareDataConsistency result: ", "result":"Compare result: Encryption Keys is consistent. local entities count is: 1 local entities hash is: W6Kv6LQHPz9jN0MPmkPaj64Wgoo="}
{"logTime": "0905/184847", "correlationVector":"R/rYBcUvY2crMfyvE9OcfH.1","action":"CompareDataConsistency result: ", "result":"Compare result: Bookmarks is consistent. local entities count is: 69 local entities hash is: u6kqjkwi+QHvJWSeF4/cs87HFQU="}
{"logTime": "0905/184847", "correlationVector":"R/rYBcUvY2crMfyvE9OcfH.2","action":"CompareDataConsistency result: ", "result":"Compare result: Preferences is consistent. local entities count is: 74 local entities hash is: KPfwfifjavjrI+9nJP1rg5hgvkk="}
{"logTime": "0905/184847", "correlationVector":"R/rYBcUvY2crMfyvE9OcfH.3","action":"CompareDataConsistency result: ", "result":"Compare result: Extensions is consistent. local entities count is: 3 local entities hash is: VfiRYmboUjSwkjyA9FyfyM5kGO8="}
{"logTime": "0905/184847", "correlationVector":"R/rYBcUvY2crMfyvE9OcfH.4","action":"CompareDataConsistency result: ", "result":"Compare result: Extension settings is consistent. local entities count is: 9 local entities hash is: 43afev6V5FgF2UacC7Cjj0SJnG0="}
{"logTime": "0905/184847", "correlationVector":"R/rYBcUvY2crMfyvE9OcfH.5","action":"CompareDataConsistency result: ", "result":"Server did not send this Send Tab To Self local entities count is: 0 local entities hash is: "}
{"logTime": "0905/184847", "correlationVector":"R/rYBcUvY2crMfyvE9OcfH.6","action":"CompareDataConsistency result: ", "result":"Compare result: Web Apps is consistent. local entities count is: 0 local entities hash is: "}
{"logTime": "0905/184847", "correlationVector":"R/rYBcUvY2crMfyvE9OcfH.7","action":"CompareDataConsistency result: ", "result":"Compare result: Collection is consistent. local entities count is: 0 local entities hash is: "}
{"logTime": "0905/184847", "correlationVector":"R/rYBcUvY2crMfyvE9OcfH.8","action":"CompareDataConsistency result: ", "result":"Compare result: Edge E Drop is consistent. local entities count is: 0 local entities hash is: "}
{"logTime": "0905/184847", "correlationVector":"R/rYBcUvY2crMfyvE9OcfH.9","action":"CompareDataConsistency result: ", "result":"Compare result: Edge Wallet is consistent. local entities count is: 0 local entities hash is: "}
{"logTime": "0905/184847", "correlationVector":"R/rYBcUvY2crMfyvE9OcfH.10","action":"CompareDataConsistency result: ", "result":"Compare result: Passwords is consistent. local entities count is: 213 local entities hash is: hIkbj0TgGlYmNJGalpiJ+8S6LO4="}
{"logTime": "0905/184848", "correlationVector":"","action":"DIAGNOSTIC_REQUEST|v1/diagnosticData/Diagnostic.SendCheckResult()|SUCCESS", "result":""}
